<?xml version="1.0" encoding="UTF-8" ?>
<testsuites>
<testsuite name="Application" errors="0" tests="1" failures="1" time="16.135" timestamp="2014-12-01T10:49:21">
  <testcase classname="Application" name="Should have correct title" time="16.135"><failure type="expect" message="Error: Angular could not be found on the page http://localhost:3000/#Home : retries looking for angular exceeded">Error: Angular could not be found on the page http://localhost:3000/#Home : retries looking for angular exceeded
    at Protractor.get.moduleNames (D:\_src\GIT\myday\MyDay.Acceptance.Tests\node_modules\protractor\lib\protractor.js:1338:17)
    at D:\_src\GIT\myday\MyDay.Acceptance.Tests\node_modules\protractor\node_modules\selenium-webdriver\lib\goog\base.js:1582:15
    at [object Object].webdriver.promise.ControlFlow.runInNewFrame_ (D:\_src\GIT\myday\MyDay.Acceptance.Tests\node_modules\protractor\node_modules\selenium-webdriver\lib\webdriver\promise.js:1654:20)
    at notify (D:\_src\GIT\myday\MyDay.Acceptance.Tests\node_modules\protractor\node_modules\selenium-webdriver\lib\webdriver\promise.js:465:12)
    at notifyAll (D:\_src\GIT\myday\MyDay.Acceptance.Tests\node_modules\protractor\node_modules\selenium-webdriver\lib\webdriver\promise.js:442:7)
    at resolve (D:\_src\GIT\myday\MyDay.Acceptance.Tests\node_modules\protractor\node_modules\selenium-webdriver\lib\webdriver\promise.js:420:7)
    at fulfill (D:\_src\GIT\myday\MyDay.Acceptance.Tests\node_modules\protractor\node_modules\selenium-webdriver\lib\webdriver\promise.js:535:5)
    at Object.webdriver.promise.asap (D:\_src\GIT\myday\MyDay.Acceptance.Tests\node_modules\protractor\node_modules\selenium-webdriver\lib\webdriver\promise.js:776:5)
    at [object Object].webdriver.promise.ControlFlow.runInNewFrame_ (D:\_src\GIT\myday\MyDay.Acceptance.Tests\node_modules\protractor\node_modules\selenium-webdriver\lib\webdriver\promise.js:1665:25)
    at notify (D:\_src\GIT\myday\MyDay.Acceptance.Tests\node_modules\protractor\node_modules\selenium-webdriver\lib\webdriver\promise.js:465:12)
==== async task ====
Protractor.get(http://localhost:3000/#Home) - test for angular
    at [object Object].webdriver.WebDriver.schedule (D:\_src\GIT\myday\MyDay.Acceptance.Tests\node_modules\protractor\node_modules\selenium-webdriver\lib\webdriver\webdriver.js:345:15)
    at [object Object].Protractor.executeAsyncScript_ (D:\_src\GIT\myday\MyDay.Acceptance.Tests\node_modules\protractor\lib\protractor.js:1141:26)
    at [object Object].Protractor.get (D:\_src\GIT\myday\MyDay.Acceptance.Tests\node_modules\protractor\lib\protractor.js:1331:8)
    at [object Object].get (D:\_src\GIT\myday\MyDay.Acceptance.Tests\automation\HomePage.js:5:17)
    at [object Object].&amp;lt;anonymous&amp;gt; (D:\_src\GIT\myday\MyDay.Acceptance.Tests\spec\startupSpec.js:8:18)
    at D:\_src\GIT\myday\MyDay.Acceptance.Tests\node_modules\protractor\node_modules\jasminewd\index.js:94:14
    at [object Object].webdriver.promise.ControlFlow.runInNewFrame_ (D:\_src\GIT\myday\MyDay.Acceptance.Tests\node_modules\protractor\node_modules\selenium-webdriver\lib\webdriver\promise.js:1654:20)
    at [object Object].webdriver.promise.ControlFlow.runEventLoop_ (D:\_src\GIT\myday\MyDay.Acceptance.Tests\node_modules\protractor\node_modules\selenium-webdriver\lib\webdriver\promise.js:1518:8)
    at [object Object].wrapper [as _onTimeout] (timers.js:261:14)
==== async task ====
Asynchronous test function: it()
    at [object Object].&amp;lt;anonymous&amp;gt; (D:\_src\GIT\myday\MyDay.Acceptance.Tests\node_modules\protractor\node_modules\jasminewd\index.js:93:33)
    at [object Object].&amp;lt;anonymous&amp;gt; (D:\_src\GIT\myday\MyDay.Acceptance.Tests\node_modules\protractor\node_modules\minijasminenode\lib\async-callback.js:45:37)
    at [object Object].jasmine.Block.execute (D:\_src\GIT\myday\MyDay.Acceptance.Tests\node_modules\protractor\node_modules\minijasminenode\lib\jasmine-1.3.1.js:1174:17)
    at [object Object].jasmine.Queue.next_ (D:\_src\GIT\myday\MyDay.Acceptance.Tests\node_modules\protractor\node_modules\minijasminenode\lib\jasmine-1.3.1.js:2209:31)
    at [object Object].jasmine.Queue.next_.goAgain [as _onTimeout] (D:\_src\GIT\myday\MyDay.Acceptance.Tests\node_modules\protractor\node_modules\minijasminenode\lib\jasmine-1.3.1.js:2199:18)
    at Timer.listOnTimeout [as ontimeout] (timers.js:112:15)==== async task ====
Error
    at [object Object].&amp;lt;anonymous&amp;gt; (D:\_src\GIT\myday\MyDay.Acceptance.Tests\spec\startupSpec.js:6:5)
    at [object Object].jasmine.Env.describe_ (D:\_src\GIT\myday\MyDay.Acceptance.Tests\node_modules\protractor\node_modules\minijasminenode\lib\jasmine-1.3.1.js:913:21)
    at [object Object].jasmine.Env.describe (D:\_src\GIT\myday\MyDay.Acceptance.Tests\node_modules\protractor\node_modules\minijasminenode\lib\jasmine-1.3.1.js:898:15)
    at describe (D:\_src\GIT\myday\MyDay.Acceptance.Tests\node_modules\protractor\node_modules\minijasminenode\lib\jasmine-1.3.1.js:658:27)
    at Object.&amp;lt;anonymous&amp;gt; (D:\_src\GIT\myday\MyDay.Acceptance.Tests\spec\startupSpec.js:5:1)
    at Module._compile (module.js:456:26)
    at Object.Module._extensions..js (module.js:474:10)
    at Module.load (module.js:356:32)
    at Function.Module._load (module.js:312:12)</failure></testcase>
</testsuite>
</testsuites>